{"numFailedTestSuites":0,"numFailedTests":0,"numPassedTestSuites":3,"numPassedTests":15,"numPendingTestSuites":0,"numPendingTests":0,"numRuntimeErrorTestSuites":0,"numTodoTests":0,"numTotalTestSuites":3,"numTotalTests":15,"openHandles":[],"snapshot":{"added":0,"didUpdate":false,"failure":false,"filesAdded":0,"filesRemoved":0,"filesRemovedList":[],"filesUnmatched":0,"filesUpdated":0,"matched":0,"total":0,"unchecked":0,"uncheckedKeysByFile":[],"unmatched":0,"updated":0},"startTime":1752647384873,"success":true,"testResults":[{"assertionResults":[{"ancestorTitles":["BlogDetail"],"failureMessages":[],"fullName":"BlogDetail displays blog post details","location":null,"status":"passed","title":"displays blog post details"},{"ancestorTitles":["BlogDetail"],"failureMessages":[],"fullName":"BlogDetail shows error if not found","location":null,"status":"passed","title":"shows error if not found"},{"ancestorTitles":["BlogDetail"],"failureMessages":[],"fullName":"BlogDetail delete confirmation and API call","location":null,"status":"passed","title":"delete confirmation and API call"},{"ancestorTitles":["BlogDetail"],"failureMessages":[],"fullName":"BlogDetail API error shown on delete","location":null,"status":"passed","title":"API error shown on delete"}],"endTime":1752647389441,"message":"","name":"/home/coder/project/workspace/question_generation_service/solutions/89357cb4-b5f0-4f03-a5ae-175f2b5af2b6/reactapp/src/components/BlogDetail.test.js","startTime":1752647386187,"status":"passed","summary":""},{"assertionResults":[{"ancestorTitles":["BlogForm"],"failureMessages":[],"fullName":"BlogForm renders in create mode and validates input","location":null,"status":"passed","title":"renders in create mode and validates input"},{"ancestorTitles":["BlogForm"],"failureMessages":[],"fullName":"BlogForm renders in edit mode and populates fields","location":null,"status":"passed","title":"renders in edit mode and populates fields"},{"ancestorTitles":["BlogForm"],"failureMessages":[],"fullName":"BlogForm creates post successfully","location":null,"status":"passed","title":"creates post successfully"},{"ancestorTitles":["BlogForm"],"failureMessages":[],"fullName":"BlogForm updates post successfully","location":null,"status":"passed","title":"updates post successfully"},{"ancestorTitles":["BlogForm"],"failureMessages":[],"fullName":"BlogForm handles API validation error","location":null,"status":"passed","title":"handles API validation error"},{"ancestorTitles":["BlogForm"],"failureMessages":[],"fullName":"BlogForm API error on update","location":null,"status":"passed","title":"API error on update"}],"endTime":1752647389493,"message":"","name":"/home/coder/project/workspace/question_generation_service/solutions/89357cb4-b5f0-4f03-a5ae-175f2b5af2b6/reactapp/src/components/BlogForm.test.js","startTime":1752647386026,"status":"passed","summary":""},{"assertionResults":[{"ancestorTitles":["BlogList"],"failureMessages":[],"fullName":"BlogList loads and displays posts","location":null,"status":"passed","title":"loads and displays posts"},{"ancestorTitles":["BlogList"],"failureMessages":[],"fullName":"BlogList handles API error","location":null,"status":"passed","title":"handles API error"},{"ancestorTitles":["BlogList"],"failureMessages":[],"fullName":"BlogList shows empty state","location":null,"status":"passed","title":"shows empty state"},{"ancestorTitles":["BlogList"],"failureMessages":[],"fullName":"BlogList triggers delete on confirmation","location":null,"status":"passed","title":"triggers delete on confirmation"},{"ancestorTitles":["BlogList"],"failureMessages":[],"fullName":"BlogList API error displayed on delete","location":null,"status":"passed","title":"API error displayed on delete"}],"endTime":1752647389523,"message":"","name":"/home/coder/project/workspace/question_generation_service/solutions/89357cb4-b5f0-4f03-a5ae-175f2b5af2b6/reactapp/src/components/BlogList.test.js","startTime":1752647386380,"status":"passed","summary":""}],"wasInterrupted":false}